[2026-03-13 14:43:18] 
============================================================
[2026-03-13 14:43:18] 🚀 OTOMATIK FİYAT GÜNCELLEMESİ BAŞLATILIYOR
[2026-03-13 14:43:18] ============================================================
[2026-03-13 14:43:18] 
📊 Toplam 51 sembol güncelleniyor:
[2026-03-13 14:43:18]    ABBV, ANET, AVGO, BE, BMY, BWXT, CAMT, CCJ, CEG, COHR, CRDO, CVX, DELL, DIS, DUK, DVA, DVN, ENTG, EOG, EQIX, GEV, GILT, GLW, HWM, LASR, MO, MRK, MRVL, MU, NEE, NET, NOC, NRG, OXY, PLAB, PLTR, PM, RGLD, RKLB, RTX, SCHD, SM, SPG, T, TER, VRT, VST, VZ, XLE, XLI, XOM
[2026-03-13 14:43:18] 📊 Batch quote çekiliyor: 51 sembol
[2026-03-13 14:43:18] ✅ 51 sembol fiyatı alındı
[2026-03-13 14:43:18] 
📂 Dengeli Portföy güncelleniyor...
[2026-03-13 14:43:18]   ✅ SM: $25.65 → $25.57 (-0.31%)
[2026-03-13 14:43:18]   ✅ MO: $67.84 → $67.84 (+0.01%)
[2026-03-13 14:43:18]   ✅ XLE: $57.74 → $57.53 (-0.37%)
[2026-03-13 14:43:18]   ✅ RGLD: $266.54 → $263.71 (-1.06%)
[2026-03-13 14:43:18]   ✅ XLI: $165.88 → $164.59 (-0.77%)
[2026-03-13 14:43:18]   💰 Toplam değer: $112,150.56 (+180.38%)
[2026-03-13 14:43:18]   📊 5/5 pozisyon güncellendi
[2026-03-13 14:43:18] 💾 Kaydedildi: balanced.json
[2026-03-13 14:43:18] 
📂 Agresif Büyüme güncelleniyor...
[2026-03-13 14:43:18]   ✅ GILT: $16.91 → $16.69 (-1.30%)
[2026-03-13 14:43:18]   ✅ PLTR: $152.45 → $151.61 (-0.55%)
[2026-03-13 14:43:18]   ✅ ANET: $136.18 → $133.45 (-2.00%)
[2026-03-13 14:43:18]   ✅ RKLB: $70.62 → $69.94 (-0.96%)
[2026-03-13 14:43:18]   ✅ LASR: $64.55 → $62.48 (-3.21%)
[2026-03-13 14:43:18]   ✅ CRDO: $117.12 → $117.08 (-0.04%)
[2026-03-13 14:43:18]   ✅ GLW: $132.34 → $130.02 (-1.75%)
[2026-03-13 14:43:18]   ✅ MRVL: $89.85 → $89.41 (-0.49%)
[2026-03-13 14:43:18]   ✅ COHR: $246.87 → $245.30 (-0.63%)
[2026-03-13 14:43:18]   💰 Toplam değer: $364,954.41 (+160.68%)
[2026-03-13 14:43:18]   📊 9/9 pozisyon güncellendi
[2026-03-13 14:43:18] 💾 Kaydedildi: aggressive.json
[2026-03-13 14:43:18] 
📂 Değer + Temettü güncelleniyor...
[2026-03-13 14:43:18]   ✅ T: $27.66 → $27.65 (-0.04%)
[2026-03-13 14:43:18]   ✅ VZ: $51.47 → $51.14 (-0.63%)
[2026-03-13 14:43:18]   ✅ MO: $67.84 → $67.84 (+0.01%)
[2026-03-13 14:43:18]   ✅ PM: $173.66 → $174.33 (+0.39%)
[2026-03-13 14:43:18]   ✅ XOM: $154.75 → $154.42 (-0.21%)
[2026-03-13 14:43:18]   ✅ CVX: $196.84 → $195.59 (-0.64%)
[2026-03-13 14:43:18]   ✅ SCHD: $30.93 → $30.84 (-0.26%)
[2026-03-13 14:43:18]   ✅ MRK: $116.96 → $116.30 (-0.57%)
[2026-03-13 14:43:18]   ✅ ABBV: $225.24 → $223.52 (-0.76%)
[2026-03-13 14:43:18]   💰 Toplam değer: $145,588.93 (+45.59%)
[2026-03-13 14:43:18]   📊 9/9 pozisyon güncellendi
[2026-03-13 14:43:18] 💾 Kaydedildi: dividend.json
[2026-03-13 14:43:18] 
🎯 Swing Trade güncelleniyor...
[2026-03-13 14:43:18]   ✅ DUK: $133.40 → $133.80 (+0.30%) | P&L: +5.60% | 🎯 Hedefe yakın (4.2%)
[2026-03-13 14:43:18]   ✅ DVA: $149.21 → $147.55 (-1.11%) | P&L: -1.46% | ✅ Normal aralıkta
[2026-03-13 14:43:18]   ✅ RTX: $205.39 → $203.31 (-1.01%) | P&L: +0.00% | ✅ Normal aralıkta
[2026-03-13 14:43:18]   📊 3/3 swing pozisyon güncellendi
[2026-03-13 14:43:18] 💾 Kaydedildi: active.json
[2026-03-13 14:43:18] 
👁️  Watchlist güncelleniyor...
[2026-03-13 14:43:18]   ✅ RTX: $203.04 → $203.31 (+0.13%)
[2026-03-13 14:43:18]   ✅ NOC: $736.30 → $732.55 (-0.51%)
[2026-03-13 14:43:18]   ✅ DVN: $46.19 → $45.98 (-0.47%)
[2026-03-13 14:43:18]   ✅ EOG: $133.04 → $133.31 (+0.20%)
[2026-03-13 14:43:18]   ✅ SPG: $187.57 → $188.33 (+0.41%)
[2026-03-13 14:43:18]   ✅ NEE: $91.73 → $93.14 (+1.54%)
[2026-03-13 14:43:18]   ✅ DIS: $99.43 → $100.59 (+1.17%)
[2026-03-13 14:43:18]   ✅ BMY: $58.95 → $59.30 (+0.60%)
[2026-03-13 14:43:18]   ✅ OXY: $58.41 → $57.41 (-1.71%)
[2026-03-13 14:43:18]   ✅ AVGO: $335.97 → $332.37 (-1.07%)
[2026-03-13 14:43:18]   ✅ HWM: $243.82 → $235.01 (-3.61%)
[2026-03-13 14:43:18]   ✅ GEV: $832.11 → $818.96 (-1.58%)
[2026-03-13 14:43:18]   ✅ EQIX: $971.47 → $973.86 (+0.25%)
[2026-03-13 14:43:18]   ✅ GLW: $129.77 → $130.02 (+0.19%)
[2026-03-13 14:43:18]   ✅ TER: $286.61 → $287.72 (+0.39%)
[2026-03-13 14:43:18]   ✅ BE: $157.17 → $158.84 (+1.06%)
[2026-03-13 14:43:18]   ✅ VST: $159.58 → $161.89 (+1.45%)
[2026-03-13 14:43:18]   ✅ NRG: $152.10 → $152.48 (+0.25%)
[2026-03-13 14:43:18]   ✅ MU: $405.35 → $422.91 (+4.33%)
[2026-03-13 14:43:18]   ✅ MRVL: $87.67 → $89.41 (+1.98%)
[2026-03-13 14:43:18]   ✅ CRDO: $111.57 → $117.08 (+4.94%)
[2026-03-13 14:43:18]   ✅ PLAB: $33.03 → $33.32 (+0.88%)
[2026-03-13 14:43:18]   ✅ ENTG: $109.98 → $109.70 (-0.25%)
[2026-03-13 14:43:18]   ✅ CAMT: $152.55 → $153.15 (+0.39%)
[2026-03-13 14:43:18]   ✅ VRT: $265.38 → $262.20 (-1.20%)
[2026-03-13 14:43:18]   ✅ DELL: $149.91 → $149.81 (-0.06%)
[2026-03-13 14:43:18]   ✅ CEG: $301.55 → $302.35 (+0.27%)
[2026-03-13 14:43:18]   ✅ COHR: $241.27 → $245.30 (+1.67%)
[2026-03-13 14:43:18]   ✅ CCJ: $115.30 → $110.25 (-4.38%)
[2026-03-13 14:43:18]   ✅ BWXT: $197.82 → $192.23 (-2.83%)
[2026-03-13 14:43:18]   ✅ NET: $212.19 → $214.20 (+0.95%)
[2026-03-13 14:43:18]   📊 31/31 watchlist adayı güncellendi
[2026-03-13 14:43:18] 💾 Kaydedildi: watchlist.json
[2026-03-13 14:43:18] 
📋 Summary güncelleniyor...
[2026-03-13 14:43:19]   💰 Toplam portföy değeri: $622,693.90 (+3.78%)
[2026-03-13 14:43:19] 💾 Kaydedildi: summary.json
[2026-03-13 14:43:19] 
🔄 Git commit yapılıyor...
[2026-03-13 14:43:19]   ✅ Commit başarılı: [GÜNCELLEME] Otomatik fiyat güncellemesi - 13 Mar 2026 14:43
[2026-03-13 14:43:19]   ✅ Push başarılı!
[2026-03-13 14:43:19] 
============================================================
[2026-03-13 14:43:19] ✅ GÜNCELLEME TAMAMLANDI
[2026-03-13 14:43:19] ============================================================

